<?xml version="1.0" encoding="UTF-8"?>
<!-- Generated by org.testng.reporters.JUnitXMLReporter -->
<testsuite ignored="4" hostname="DESKTOP-352M94G" failures="0" tests="2" name="Test" time="13.821" errors="0" timestamp="2023-02-07T16:06:40 PST">
  <testcase classname="com.framework.testClasses.loginTest" name="loginTest" time="3.015"/>
  <testcase classname="com.framework.testClasses.titleVerification" name="pageTile" time="0.015"/>
  <testcase classname="com.framework.baseClass.baseClass" name="@BeforeTest setup" time="0.0">
    <ignored/>
  </testcase> <!-- @BeforeTest setup -->
  <testcase classname="com.framework.baseClass.baseClass" name="@AfterTest tearDown" time="0.0">
    <ignored/>
  </testcase> <!-- @AfterTest tearDown -->
  <testcase classname="com.framework.baseClass.baseClass" name="@AfterTest tearDown" time="0.0">
    <ignored/>
  </testcase> <!-- @AfterTest tearDown -->
  <testcase classname="com.framework.baseClass.baseClass" name="@BeforeTest setup" time="0.0">
    <ignored/>
  </testcase> <!-- @BeforeTest setup -->
</testsuite> <!-- Test -->
