<?xml version="1.0" encoding="UTF-8"?>
<testng-results ignored="0" total="1" passed="1" failed="0" skipped="0">
  <reporter-output>
  </reporter-output>
  <suite started-at="2023-02-02T15:52:04 PST" name="Default suite" finished-at="2023-02-02T15:52:17 PST" duration-ms="13371">
    <groups>
    </groups>
    <test started-at="2023-02-02T15:52:04 PST" name="Default test" finished-at="2023-02-02T15:52:17 PST" duration-ms="13371">
      <class name="com.framework.testClasses.loginTest">
        <test-method is-config="true" signature="setup()[pri:0, instance:com.framework.testClasses.loginTest@5f049ea1]" started-at="2023-02-02T15:52:04 PST" name="setup" finished-at="2023-02-02T15:52:09 PST" duration-ms="5351" status="PASS">
          <reporter-output>
          </reporter-output>
        </test-method> <!-- setup -->
        <test-method signature="loginTest()[pri:0, instance:com.framework.testClasses.loginTest@5f049ea1]" started-at="2023-02-02T15:52:09 PST" name="loginTest" finished-at="2023-02-02T15:52:17 PST" duration-ms="7303" status="PASS">
          <reporter-output>
          </reporter-output>
        </test-method> <!-- loginTest -->
        <test-method is-config="true" signature="tearDown()[pri:0, instance:com.framework.testClasses.loginTest@5f049ea1]" started-at="2023-02-02T15:52:17 PST" name="tearDown" finished-at="2023-02-02T15:52:17 PST" duration-ms="663" status="PASS">
          <reporter-output>
          </reporter-output>
        </test-method> <!-- tearDown -->
      </class> <!-- com.framework.testClasses.loginTest -->
    </test> <!-- Default test -->
  </suite> <!-- Default suite -->
</testng-results>
