<?xml version="1.0" encoding="UTF-8"?>
<testng-results ignored="0" total="1" passed="1" failed="0" skipped="0">
  <reporter-output>
  </reporter-output>
  <suite started-at="2023-02-03T11:13:50 PST" name="Default suite" finished-at="2023-02-03T11:14:01 PST" duration-ms="11095">
    <groups>
    </groups>
    <test started-at="2023-02-03T11:13:50 PST" name="Default test" finished-at="2023-02-03T11:14:01 PST" duration-ms="11095">
      <class name="com.framework.testClasses.titleVerification">
        <test-method is-config="true" signature="setup()[pri:0, instance:com.framework.testClasses.titleVerification@5f049ea1]" started-at="2023-02-03T11:13:50 PST" name="setup" finished-at="2023-02-03T11:14:01 PST" duration-ms="10375" status="PASS">
          <reporter-output>
          </reporter-output>
        </test-method> <!-- setup -->
        <test-method signature="pageTile()[pri:0, instance:com.framework.testClasses.titleVerification@5f049ea1]" started-at="2023-02-03T11:14:01 PST" name="pageTile" finished-at="2023-02-03T11:14:01 PST" duration-ms="19" status="PASS">
          <reporter-output>
          </reporter-output>
        </test-method> <!-- pageTile -->
        <test-method is-config="true" signature="tearDown()[pri:0, instance:com.framework.testClasses.titleVerification@5f049ea1]" started-at="2023-02-03T11:14:01 PST" name="tearDown" finished-at="2023-02-03T11:14:01 PST" duration-ms="646" status="PASS">
          <reporter-output>
          </reporter-output>
        </test-method> <!-- tearDown -->
      </class> <!-- com.framework.testClasses.titleVerification -->
    </test> <!-- Default test -->
  </suite> <!-- Default suite -->
</testng-results>
